<?xml version="1.0" encoding="UTF-8"?>
<coverage generated="1748553569475" clover="3.2.0">
  <project timestamp="1748553569475" name="All files">
    <metrics statements="41" coveredstatements="31" conditionals="15" coveredconditionals="2" methods="11" coveredmethods="7" elements="67" coveredelements="40" complexity="0" loc="41" ncloc="41" packages="2" files="3" classes="3"/>
    <package name="components.PokemonList">
      <metrics statements="35" coveredstatements="27" conditionals="7" coveredconditionals="2" methods="10" coveredmethods="7"/>
      <file name="PokemonList.styles.tsx" path="C:\Development\ui-assessment-pokedex-snr\src\components\PokemonList\PokemonList.styles.tsx">
        <metrics statements="2" coveredstatements="2" conditionals="0" coveredconditionals="0" methods="0" coveredmethods="0"/>
        <line num="1" count="1" type="stmt"/>
        <line num="3" count="1" type="stmt"/>
      </file>
      <file name="PokemonList.tsx" path="C:\Development\ui-assessment-pokedex-snr\src\components\PokemonList\PokemonList.tsx">
        <metrics statements="33" coveredstatements="25" conditionals="7" coveredconditionals="2" methods="10" coveredmethods="7"/>
        <line num="1" count="1" type="stmt"/>
        <line num="2" count="1" type="stmt"/>
        <line num="3" count="1" type="stmt"/>
        <line num="4" count="1" type="stmt"/>
        <line num="5" count="1" type="stmt"/>
        <line num="6" count="1" type="stmt"/>
        <line num="7" count="1" type="stmt"/>
        <line num="9" count="1" type="stmt"/>
        <line num="10" count="4" type="stmt"/>
        <line num="11" count="4" type="stmt"/>
        <line num="13" count="4" type="stmt"/>
        <line num="14" count="4" type="stmt"/>
        <line num="16" count="4" type="stmt"/>
        <line num="18" count="4" type="stmt"/>
        <line num="19" count="1" type="stmt"/>
        <line num="22" count="4" type="stmt"/>
        <line num="23" count="0" type="stmt"/>
        <line num="26" count="8" type="stmt"/>
        <line num="29" count="4" type="stmt"/>
        <line num="30" count="8" type="stmt"/>
        <line num="33" count="4" type="stmt"/>
        <line num="39" count="1" type="stmt"/>
        <line num="45" count="7" type="stmt"/>
        <line num="48" count="1" type="stmt"/>
        <line num="76" count="1" type="stmt"/>
        <line num="85" count="0" type="stmt"/>
        <line num="92" count="1" type="stmt"/>
        <line num="101" count="0" type="stmt"/>
        <line num="103" count="0" type="cond" truecount="0" falsecount="1"/>
        <line num="104" count="0" type="cond" truecount="0" falsecount="1"/>
        <line num="105" count="0" type="cond" truecount="0" falsecount="1"/>
        <line num="107" count="0" type="stmt"/>
        <line num="108" count="0" type="stmt"/>
      </file>
    </package>
    <package name="hooks">
      <metrics statements="6" coveredstatements="4" conditionals="8" coveredconditionals="0" methods="1" coveredmethods="0"/>
      <file name="useGetPokemonDetails.ts" path="C:\Development\ui-assessment-pokedex-snr\src\hooks\useGetPokemonDetails.ts">
        <metrics statements="6" coveredstatements="4" conditionals="8" coveredconditionals="0" methods="1" coveredmethods="0"/>
        <line num="1" count="1" type="stmt"/>
        <line num="2" count="1" type="stmt"/>
        <line num="31" count="1" type="stmt"/>
        <line num="57" count="1" type="stmt"/>
        <line num="58" count="0" type="stmt"/>
        <line num="65" count="0" type="stmt"/>
      </file>
    </package>
  </project>
</coverage>
