{
  "C:\\Development\\ui-assessment-pokedex-snr\\src\\components\\PokemonList\\PokemonList.styles.tsx": {
    "path": "C:\\Development\\ui-assessment-pokedex-snr\\src\\components\\PokemonList\\PokemonList.styles.tsx",
    "statementMap": {
      "0": {
        "start": { "line": 1, "column": 0 },
        "end": { "line": 1, "column": 44 }
      },
      "1": {
        "start": { "line": 3, "column": 13 },
        "end": { "line": 124, "column": 2 }
      }
    },
    "fnMap": {},
    "branchMap": {},
    "s": { "0": 1, "1": 1 },
    "f": {},
    "b": {}
  },
  "C:\\Development\\ui-assessment-pokedex-snr\\src\\components\\PokemonList\\PokemonList.tsx": {
    "path": "C:\\Development\\ui-assessment-pokedex-snr\\src\\components\\PokemonList\\PokemonList.tsx",
    "statementMap": {
      "0": {
        "start": { "line": 1, "column": 0 },
        "end": { "line": 1, "column": 40 }
      },
      "1": {
        "start": { "line": 2, "column": 0 },
        "end": { "line": 2, "column": 58 }
      },
      "2": {
        "start": { "line": 3, "column": 0 },
        "end": { "line": 3, "column": 49 }
      },
      "3": {
        "start": { "line": 4, "column": 0 },
        "end": { "line": 4, "column": 69 }
      },
      "4": {
        "start": { "line": 5, "column": 0 },
        "end": { "line": 5, "column": 72 }
      },
      "5": {
        "start": { "line": 6, "column": 0 },
        "end": { "line": 6, "column": 40 }
      },
      "6": {
        "start": { "line": 7, "column": 0 },
        "end": { "line": 7, "column": 36 }
      },
      "7": {
        "start": { "line": 9, "column": 27 },
        "end": { "line": 74, "column": 1 }
      },
      "8": {
        "start": { "line": 10, "column": 19 },
        "end": { "line": 10, "column": 32 }
      },
      "9": {
        "start": { "line": 11, "column": 26 },
        "end": { "line": 11, "column": 37 }
      },
      "10": {
        "start": { "line": 13, "column": 18 },
        "end": { "line": 13, "column": 29 }
      },
      "11": {
        "start": { "line": 14, "column": 32 },
        "end": { "line": 14, "column": 48 }
      },
      "12": {
        "start": { "line": 16, "column": 30 },
        "end": { "line": 16, "column": 42 }
      },
      "13": {
        "start": { "line": 18, "column": 21 },
        "end": { "line": 20, "column": 3 }
      },
      "14": {
        "start": { "line": 19, "column": 4 },
        "end": { "line": 19, "column": 36 }
      },
      "15": {
        "start": { "line": 22, "column": 22 },
        "end": { "line": 24, "column": 3 }
      },
      "16": {
        "start": { "line": 23, "column": 4 },
        "end": { "line": 23, "column": 25 }
      },
      "17": {
        "start": { "line": 26, "column": 28 },
        "end": { "line": 26, "column": 64 }
      },
      "18": {
        "start": { "line": 26, "column": 47 },
        "end": { "line": 26, "column": 63 }
      },
      "19": {
        "start": { "line": 29, "column": 27 },
        "end": { "line": 30, "column": null }
      },
      "20": {
        "start": { "line": 30, "column": 4 },
        "end": { "line": 30, "column": 58 }
      },
      "21": {
        "start": { "line": 33, "column": 2 },
        "end": { "line": 73, "column": 4 }
      },
      "22": {
        "start": { "line": 39, "column": 25 },
        "end": { "line": 39, "column": 50 }
      },
      "23": {
        "start": { "line": 45, "column": 10 },
        "end": { "line": 56, "column": null }
      },
      "24": {
        "start": { "line": 48, "column": 27 },
        "end": { "line": 48, "column": 43 }
      },
      "25": {
        "start": { "line": 9, "column": 13 },
        "end": { "line": 9, "column": 27 }
      },
      "26": {
        "start": { "line": 76, "column": 18 },
        "end": { "line": 88, "column": null }
      },
      "27": {
        "start": { "line": 85, "column": 2 },
        "end": { "line": 87, "column": null }
      },
      "28": {
        "start": { "line": 92, "column": 35 },
        "end": { "line": 151, "column": 1 }
      },
      "29": {
        "start": { "line": 101, "column": 38 },
        "end": { "line": 101, "column": 68 }
      },
      "30": {
        "start": { "line": 103, "column": 2 },
        "end": { "line": 103, "column": 52 }
      },
      "31": {
        "start": { "line": 103, "column": 15 },
        "end": { "line": 103, "column": 52 }
      },
      "32": {
        "start": { "line": 104, "column": 2 },
        "end": { "line": 104, "column": 54 }
      },
      "33": {
        "start": { "line": 104, "column": 13 },
        "end": { "line": 104, "column": 54 }
      },
      "34": {
        "start": { "line": 105, "column": 2 },
        "end": { "line": 105, "column": 52 }
      },
      "35": {
        "start": { "line": 105, "column": 16 },
        "end": { "line": 105, "column": 52 }
      },
      "36": {
        "start": { "line": 107, "column": 12 },
        "end": { "line": 107, "column": 19 }
      },
      "37": {
        "start": { "line": 108, "column": 2 },
        "end": { "line": 150, "column": 4 }
      }
    },
    "fnMap": {
      "0": {
        "name": "(anonymous_7)",
        "decl": {
          "start": { "line": 9, "column": 27 },
          "end": { "line": 9, "column": 30 }
        },
        "loc": {
          "start": { "line": 9, "column": 32 },
          "end": { "line": 74, "column": 1 }
        }
      },
      "1": {
        "name": "(anonymous_8)",
        "decl": {
          "start": { "line": 18, "column": 21 },
          "end": { "line": 18, "column": 22 }
        },
        "loc": {
          "start": { "line": 18, "column": 39 },
          "end": { "line": 20, "column": 3 }
        }
      },
      "2": {
        "name": "(anonymous_9)",
        "decl": {
          "start": { "line": 22, "column": 22 },
          "end": { "line": 22, "column": 25 }
        },
        "loc": {
          "start": { "line": 22, "column": 27 },
          "end": { "line": 24, "column": 3 }
        }
      },
      "3": {
        "name": "(anonymous_10)",
        "decl": {
          "start": { "line": 26, "column": 42 },
          "end": { "line": 26, "column": 43 }
        },
        "loc": {
          "start": { "line": 26, "column": 47 },
          "end": { "line": 26, "column": 63 }
        }
      },
      "4": {
        "name": "(anonymous_11)",
        "decl": {
          "start": { "line": 29, "column": 43 },
          "end": { "line": 29, "column": 44 }
        },
        "loc": {
          "start": { "line": 30, "column": 4 },
          "end": { "line": 30, "column": 58 }
        }
      },
      "5": {
        "name": "(anonymous_12)",
        "decl": {
          "start": { "line": 39, "column": 18 },
          "end": { "line": 39, "column": 19 }
        },
        "loc": {
          "start": { "line": 39, "column": 25 },
          "end": { "line": 39, "column": 50 }
        }
      },
      "6": {
        "name": "(anonymous_13)",
        "decl": {
          "start": { "line": 44, "column": 30 },
          "end": { "line": 44, "column": 31 }
        },
        "loc": {
          "start": { "line": 45, "column": 10 },
          "end": { "line": 56, "column": null }
        }
      },
      "7": {
        "name": "(anonymous_14)",
        "decl": {
          "start": { "line": 48, "column": 21 },
          "end": { "line": 48, "column": 24 }
        },
        "loc": {
          "start": { "line": 48, "column": 27 },
          "end": { "line": 48, "column": 43 }
        }
      },
      "8": {
        "name": "(anonymous_15)",
        "decl": {
          "start": { "line": 76, "column": 18 },
          "end": { "line": 76, "column": 19 }
        },
        "loc": {
          "start": { "line": 85, "column": 2 },
          "end": { "line": 87, "column": null }
        }
      },
      "9": {
        "name": "(anonymous_16)",
        "decl": {
          "start": { "line": 92, "column": 35 },
          "end": { "line": 92, "column": 36 }
        },
        "loc": {
          "start": { "line": 100, "column": 5 },
          "end": { "line": 151, "column": 1 }
        }
      }
    },
    "branchMap": {
      "0": {
        "loc": {
          "start": { "line": 43, "column": 9 },
          "end": { "line": 43, "column": 41 }
        },
        "type": "binary-expr",
        "locations": [
          {
            "start": { "line": 43, "column": 9 },
            "end": { "line": 43, "column": 16 }
          },
          {
            "start": { "line": 43, "column": 20 },
            "end": { "line": 43, "column": 41 }
          }
        ]
      },
      "1": {
        "loc": {
          "start": { "line": 63, "column": 11 },
          "end": { "line": 68, "column": null }
        },
        "type": "binary-expr",
        "locations": [
          {
            "start": { "line": 63, "column": 11 },
            "end": { "line": 63, "column": 28 }
          },
          {
            "start": { "line": 64, "column": 12 },
            "end": { "line": 67, "column": null }
          }
        ]
      },
      "2": {
        "loc": {
          "start": { "line": 103, "column": 2 },
          "end": { "line": 103, "column": 52 }
        },
        "type": "if",
        "locations": [
          {
            "start": { "line": 103, "column": 2 },
            "end": { "line": 103, "column": 52 }
          }
        ]
      },
      "3": {
        "loc": {
          "start": { "line": 104, "column": 2 },
          "end": { "line": 104, "column": 54 }
        },
        "type": "if",
        "locations": [
          {
            "start": { "line": 104, "column": 2 },
            "end": { "line": 104, "column": 54 }
          }
        ]
      },
      "4": {
        "loc": {
          "start": { "line": 105, "column": 2 },
          "end": { "line": 105, "column": 52 }
        },
        "type": "if",
        "locations": [
          {
            "start": { "line": 105, "column": 2 },
            "end": { "line": 105, "column": 52 }
          }
        ]
      }
    },
    "s": {
      "0": 1,
      "1": 1,
      "2": 1,
      "3": 1,
      "4": 1,
      "5": 1,
      "6": 1,
      "7": 1,
      "8": 4,
      "9": 4,
      "10": 4,
      "11": 4,
      "12": 4,
      "13": 4,
      "14": 1,
      "15": 4,
      "16": 0,
      "17": 4,
      "18": 8,
      "19": 4,
      "20": 8,
      "21": 4,
      "22": 1,
      "23": 7,
      "24": 1,
      "25": 1,
      "26": 1,
      "27": 0,
      "28": 1,
      "29": 0,
      "30": 0,
      "31": 0,
      "32": 0,
      "33": 0,
      "34": 0,
      "35": 0,
      "36": 0,
      "37": 0
    },
    "f": {
      "0": 4,
      "1": 1,
      "2": 0,
      "3": 8,
      "4": 8,
      "5": 1,
      "6": 7,
      "7": 1,
      "8": 0,
      "9": 0
    },
    "b": { "0": [4, 0], "1": [4, 0], "2": [0], "3": [0], "4": [0] }
  },
  "C:\\Development\\ui-assessment-pokedex-snr\\src\\hooks\\useGetPokemonDetails.ts": {
    "path": "C:\\Development\\ui-assessment-pokedex-snr\\src\\hooks\\useGetPokemonDetails.ts",
    "statementMap": {
      "0": {
        "start": { "line": 1, "column": 0 },
        "end": { "line": 1, "column": 47 }
      },
      "1": {
        "start": { "line": 2, "column": 0 },
        "end": { "line": 2, "column": 30 }
      },
      "2": {
        "start": { "line": 31, "column": 13 },
        "end": { "line": 55, "column": 2 }
      },
      "3": {
        "start": { "line": 57, "column": 36 },
        "end": { "line": 69, "column": 1 }
      },
      "4": {
        "start": { "line": 58, "column": 32 },
        "end": { "line": 63, "column": 4 }
      },
      "5": {
        "start": { "line": 58, "column": 14 },
        "end": { "line": 58, "column": 19 }
      },
      "6": {
        "start": { "line": 58, "column": 27 },
        "end": { "line": 58, "column": 32 }
      },
      "7": {
        "start": { "line": 65, "column": 2 },
        "end": { "line": 67, "column": null }
      },
      "8": {
        "start": { "line": 57, "column": 13 },
        "end": { "line": 57, "column": 36 }
      }
    },
    "fnMap": {
      "0": {
        "name": "(anonymous_2)",
        "decl": {
          "start": { "line": 57, "column": 36 },
          "end": { "line": 57, "column": 37 }
        },
        "loc": {
          "start": { "line": 57, "column": 67 },
          "end": { "line": 69, "column": 1 }
        }
      }
    },
    "branchMap": {
      "0": {
        "loc": {
          "start": { "line": 66, "column": 13 },
          "end": { "line": 66, "column": 34 }
        },
        "type": "cond-expr",
        "locations": [
          {
            "start": { "line": 66, "column": 26 },
            "end": { "line": 66, "column": 30 }
          },
          {
            "start": { "line": 66, "column": 30 },
            "end": { "line": 66, "column": 34 }
          }
        ]
      },
      "1": {
        "loc": {
          "start": { "line": 66, "column": 13 },
          "end": { "line": 66, "column": 30 }
        },
        "type": "binary-expr",
        "locations": [
          {
            "start": { "line": 66, "column": 13 },
            "end": { "line": 66, "column": 30 }
          },
          {
            "start": { "line": 66, "column": 26 },
            "end": { "line": 66, "column": 30 }
          }
        ]
      },
      "2": {
        "loc": {
          "start": { "line": 66, "column": 13 },
          "end": { "line": 66, "column": 26 }
        },
        "type": "cond-expr",
        "locations": [
          {
            "start": { "line": 66, "column": 17 },
            "end": { "line": 66, "column": 19 }
          },
          {
            "start": { "line": 66, "column": 13 },
            "end": { "line": 66, "column": 26 }
          }
        ]
      },
      "3": {
        "loc": {
          "start": { "line": 66, "column": 13 },
          "end": { "line": 66, "column": 19 }
        },
        "type": "binary-expr",
        "locations": [
          {
            "start": { "line": 66, "column": 13 },
            "end": { "line": 66, "column": 19 }
          },
          {
            "start": { "line": 66, "column": 13 },
            "end": { "line": 66, "column": 19 }
          }
        ]
      }
    },
    "s": {
      "0": 1,
      "1": 1,
      "2": 1,
      "3": 1,
      "4": 0,
      "5": 0,
      "6": 0,
      "7": 0,
      "8": 1
    },
    "f": { "0": 0 },
    "b": { "0": [0, 0], "1": [0, 0], "2": [0, 0], "3": [0, 0] }
  }
}
