TN:
SF:src\components\PokemonList\PokemonList.styles.tsx
FNF:0
FNH:0
DA:1,1
DA:3,1
LF:2
LH:2
BRF:0
BRH:0
end_of_record
TN:
SF:src\components\PokemonList\PokemonList.tsx
FN:9,(anonymous_7)
FN:18,(anonymous_8)
FN:22,(anonymous_9)
FN:26,(anonymous_10)
FN:29,(anonymous_11)
FN:39,(anonymous_12)
FN:44,(anonymous_13)
FN:48,(anonymous_14)
FN:76,(anonymous_15)
FN:92,(anonymous_16)
FNF:10
FNH:7
FNDA:4,(anonymous_7)
FNDA:1,(anonymous_8)
FNDA:0,(anonymous_9)
FNDA:8,(anonymous_10)
FNDA:8,(anonymous_11)
FNDA:1,(anonymous_12)
FNDA:7,(anonymous_13)
FNDA:1,(anonymous_14)
FNDA:0,(anonymous_15)
FNDA:0,(anonymous_16)
DA:1,1
DA:2,1
DA:3,1
DA:4,1
DA:5,1
DA:6,1
DA:7,1
DA:9,1
DA:10,4
DA:11,4
DA:13,4
DA:14,4
DA:16,4
DA:18,4
DA:19,1
DA:22,4
DA:23,0
DA:26,8
DA:29,4
DA:30,8
DA:33,4
DA:39,1
DA:45,7
DA:48,1
DA:76,1
DA:85,0
DA:92,1
DA:101,0
DA:103,0
DA:104,0
DA:105,0
DA:107,0
DA:108,0
LF:33
LH:25
BRDA:43,0,0,4
BRDA:43,0,1,0
BRDA:63,1,0,4
BRDA:63,1,1,0
BRDA:103,2,0,0
BRDA:104,3,0,0
BRDA:105,4,0,0
BRF:7
BRH:2
end_of_record
TN:
SF:src\hooks\useGetPokemonDetails.ts
FN:57,(anonymous_2)
FNF:1
FNH:0
FNDA:0,(anonymous_2)
DA:1,1
DA:2,1
DA:31,1
DA:57,1
DA:58,0
DA:65,0
LF:6
LH:4
BRDA:66,0,0,0
BRDA:66,0,1,0
BRDA:66,1,0,0
BRDA:66,1,1,0
BRDA:66,2,0,0
BRDA:66,2,1,0
BRDA:66,3,0,0
BRDA:66,3,1,0
BRF:8
BRH:0
end_of_record
